<?xml version="1.0" encoding="UTF-8"?>
<!-- Generated by org.testng.reporters.JUnitReportReporter -->
<testsuite ignored="0" hostname="LAPTOP-N2ROEIPV" failures="0" tests="1" name="Test.homepagetest" time="0.054" errors="0" timestamp="25 Apr 2023 18:01:31 GMT" skipped="0">
  <testcase classname="Test.homepagetest" name="HomePageTest" time="0.054"/>
</testsuite> <!-- Test.homepagetest -->
