<?xml version="1.0" encoding="UTF-8"?>
<!-- Generated by org.testng.reporters.JUnitReportReporter -->
<testsuite ignored="0" hostname="LAPTOP-N2ROEIPV" failures="0" tests="1" name="Test.CreateAccountTest" time="3.112" errors="0" timestamp="02 May 2023 01:08:20 GMT" skipped="0">
  <testcase classname="Test.CreateAccountTest" name="createaccounttest" time="3.112"/>
</testsuite> <!-- Test.CreateAccountTest -->
